INFO:root:Informational message
Start: 08022022_135541
List file:
['2020-11-24.txt', '2020-2-1.txt', '2020-3-26.txt', '2020-5-20.txt', '2020-7-24.txt', '2021-1-14.txt', '2021-10-29.txt', '2021-11-27.txt', '2021-12-15.txt', '2021-3-4.txt', '2021-4-28.txt', '2021-6-8.txt', '2021-9-1.txt', '2021-9-25.txt', '2021-9-28.txt', '2022-1-4.txt', '2022-10-11.txt', '2022-11-31.txt', '2022-12-2.txt', '2022-3-15.txt']
Scheme:
.
|---directory
|   |---2020
|   |   |---2
|   |   |   |---1.txt
|   |   |---3
|   |   |   |---26.txt
|   |   |---5
|   |   |   |---20.txt
|   |   |---7
|   |   |   |---24.txt
|   |   |---11
|   |   |   |---24.txt
|   |---2021
|   |   |---1
|   |   |   |---14.txt
|   |   |---3
|   |   |   |---4.txt
|   |   |---4
|   |   |   |---28.txt
|   |   |---6
|   |   |   |---8.txt
|   |   |---9
|   |   |   |---1.txt
|   |   |   |---25.txt
|   |   |   |---28.txt
|   |   |---10
|   |   |   |---29.txt
|   |   |---11
|   |   |   |---27.txt
|   |   |---12
|   |   |   |---15.txt
|   |---2022
|   |   |---1
|   |   |   |---4.txt
|   |   |---3
|   |   |   |---15.txt
|   |   |---10
|   |   |   |---11.txt
|   |   |---11
|   |   |   |---31.txt
|   |   |---12
|   |   |   |---2.txt
|------------
Updated: Created Dir and File to directory: homeWork\directory
Finished: 08022022_135541
