INFO:root:Informational message
Start: 08022022_141107
List file:
['2020-1-2.txt', '2020-4-26.txt', '2020-5-11.txt', '2021-1-27.txt', '2021-10-20.txt', '2021-2-5.txt', '2021-5-14.txt', '2022-2-11.txt', '2022-4-28.txt', '2022-8-18.txt']
Scheme:
.
|---directory
|   |---2020
|   |   |---1
|   |   |   |---2.txt
|   |   |---4
|   |   |   |---26.txt
|   |   |---5
|   |   |   |---11.txt
|   |---2021
|   |   |---1
|   |   |   |---27.txt
|   |   |---2
|   |   |   |---5.txt
|   |   |---5
|   |   |   |---14.txt
|   |   |---10
|   |   |   |---20.txt
|   |---2022
|   |   |---2
|   |   |   |---11.txt
|   |   |---4
|   |   |   |---28.txt
|   |   |---8
|   |   |   |---18.txt
|------------
Updated: Created Dir and File to directory: homeWork\directory
Finished: 08022022_141107
