INFO:root:Informational message
Start: 08022022_142443
List file:
['2020-10-16.txt', '2020-4-29.txt', '2020-7-11.txt', '2021-1-15.txt', '2021-12-26.txt', '2021-5-13.txt', '2022-1-5.txt', '2022-10-27.txt', '2022-3-8.txt', '2022-8-6.txt']
Scheme:
.
|---directory
|   |---2020
|   |   |---4
|   |   |   |---29.txt
|   |   |---7
|   |   |   |---11.txt
|   |   |---10
|   |   |   |---16.txt
|   |---2021
|   |   |---1
|   |   |   |---15.txt
|   |   |---5
|   |   |   |---13.txt
|   |   |---12
|   |   |   |---26.txt
|   |---2022
|   |   |---1
|   |   |   |---5.txt
|   |   |---3
|   |   |   |---8.txt
|   |   |---8
|   |   |   |---6.txt
|   |   |---10
|   |   |   |---27.txt
|------------
Updated: Created Dir and File to directory: homeWork\directory
Finished: 08022022_142443
