INFO:root:Informational message
Start: 08022022_141056
List file:
['2020-12-21.txt', '2020-5-7.txt', '2021-1-13.txt', '2021-11-24.txt', '2021-7-21.txt', '2021-7-25.txt', '2022-12-12.txt', '2022-2-10.txt', '2022-4-24.txt', '2022-9-14.txt']
Scheme:
.
|---directory
|   |---2020
|   |   |---5
|   |   |   |---7.txt
|   |   |---12
|   |   |   |---21.txt
|   |---2021
|   |   |---1
|   |   |   |---13.txt
|   |   |---7
|   |   |   |---21.txt
|   |   |   |---25.txt
|   |   |---11
|   |   |   |---24.txt
|   |---2022
|   |   |---2
|   |   |   |---10.txt
|   |   |---4
|   |   |   |---24.txt
|   |   |---9
|   |   |   |---14.txt
|   |   |---12
|   |   |   |---12.txt
|------------
Updated: Created Dir and File to directory: homeWork\directory
Finished: 08022022_141056
