INFO:root:Informational message
Start: 08022022_141707
List file:
['2020-2-16.txt', '2020-3-1.txt', '2020-9-23.txt', '2021-11-20.txt', '2021-12-11.txt', '2021-6-13.txt', '2021-7-27.txt', '2022-10-20.txt', '2022-11-20.txt', '2022-8-11.txt']
Scheme:
.
|---directory
|   |---2020
|   |   |---2
|   |   |   |---16.txt
|   |   |---3
|   |   |   |---1.txt
|   |   |---9
|   |   |   |---23.txt
|   |---2021
|   |   |---6
|   |   |   |---13.txt
|   |   |---7
|   |   |   |---27.txt
|   |   |---11
|   |   |   |---20.txt
|   |   |---12
|   |   |   |---11.txt
|   |---2022
|   |   |---8
|   |   |   |---11.txt
|   |   |---10
|   |   |   |---20.txt
|   |   |---11
|   |   |   |---20.txt
|------------
Updated: Created Dir and File to directory: homeWork\directory
Finished: 08022022_141708
