INFO:root:Informational message
Start: 08022022_135905
List file:
['2020-1-8.txt', '2020-7-12.txt', '2020-7-2.txt', '2020-7-4.txt', '2021-11-21.txt', '2021-2-11.txt', '2021-3-11.txt', '2021-4-28.txt', '2022-1-17.txt', '2022-12-9.txt']
Scheme:
.
|---directory
|   |---2020
|   |   |---1
|   |   |   |---8.txt
|   |   |---7
|   |   |   |---12.txt
|   |   |   |---2.txt
|   |   |   |---4.txt
|   |---2021
|   |   |---2
|   |   |   |---11.txt
|   |   |---3
|   |   |   |---11.txt
|   |   |---4
|   |   |   |---28.txt
|   |   |---11
|   |   |   |---21.txt
|   |---2022
|   |   |---1
|   |   |   |---17.txt
|   |   |---12
|   |   |   |---9.txt
|------------
Updated: Created Dir and File to directory: homeWork\directory
Finished: 08022022_135905
