INFO:root:Informational message
Start: 08022022_135915
Deleted Dir and File in directory: homeWork\directory

----------------
Directory 2020 in homeWork\directory\2020
In the file 7 directory homeWork\directory\2020
----------------
Directory 1 in homeWork\directory\2020\1
In the file 1 directory homeWork\directory\2020\1
----------------
A file 8.txt has been deleted from the directory homeWork\directory\2020\1
Deleting a directory homeWork\directory\2020\1
Directory 11 in homeWork\directory\2020\11
In the file 1 directory homeWork\directory\2020\11
----------------
A file 24.txt has been deleted from the directory homeWork\directory\2020\11
Deleting a directory homeWork\directory\2020\11
Directory 2 in homeWork\directory\2020\2
In the file 1 directory homeWork\directory\2020\2
----------------
A file 1.txt has been deleted from the directory homeWork\directory\2020\2
Deleting a directory homeWork\directory\2020\2
Directory 3 in homeWork\directory\2020\3
In the file 3 directory homeWork\directory\2020\3
----------------
A file 16.txt has been deleted from the directory homeWork\directory\2020\3
A file 26.txt has been deleted from the directory homeWork\directory\2020\3
A file 8.txt has been deleted from the directory homeWork\directory\2020\3
Deleting a directory homeWork\directory\2020\3
Directory 5 in homeWork\directory\2020\5
In the file 1 directory homeWork\directory\2020\5
----------------
A file 20.txt has been deleted from the directory homeWork\directory\2020\5
Deleting a directory homeWork\directory\2020\5
Directory 7 in homeWork\directory\2020\7
In the file 4 directory homeWork\directory\2020\7
----------------
A file 12.txt has been deleted from the directory homeWork\directory\2020\7
A file 2.txt has been deleted from the directory homeWork\directory\2020\7
A file 24.txt has been deleted from the directory homeWork\directory\2020\7
A file 4.txt has been deleted from the directory homeWork\directory\2020\7
Deleting a directory homeWork\directory\2020\7
Directory 8 in homeWork\directory\2020\8
In the file 2 directory homeWork\directory\2020\8
----------------
A file 10.txt has been deleted from the directory homeWork\directory\2020\8
A file 26.txt has been deleted from the directory homeWork\directory\2020\8
Deleting a directory homeWork\directory\2020\8
Deleting a directory homeWork\directory\2020
Directory 2021 in homeWork\directory\2021
In the file 12 directory homeWork\directory\2021
----------------
Directory 1 in homeWork\directory\2021\1
In the file 1 directory homeWork\directory\2021\1
----------------
A file 14.txt has been deleted from the directory homeWork\directory\2021\1
Deleting a directory homeWork\directory\2021\1
Directory 10 in homeWork\directory\2021\10
In the file 1 directory homeWork\directory\2021\10
----------------
A file 29.txt has been deleted from the directory homeWork\directory\2021\10
Deleting a directory homeWork\directory\2021\10
Directory 11 in homeWork\directory\2021\11
In the file 4 directory homeWork\directory\2021\11
----------------
A file 16.txt has been deleted from the directory homeWork\directory\2021\11
A file 21.txt has been deleted from the directory homeWork\directory\2021\11
A file 23.txt has been deleted from the directory homeWork\directory\2021\11
A file 27.txt has been deleted from the directory homeWork\directory\2021\11
Deleting a directory homeWork\directory\2021\11
Directory 12 in homeWork\directory\2021\12
In the file 2 directory homeWork\directory\2021\12
----------------
A file 15.txt has been deleted from the directory homeWork\directory\2021\12
A file 30.txt has been deleted from the directory homeWork\directory\2021\12
Deleting a directory homeWork\directory\2021\12
Directory 2 in homeWork\directory\2021\2
In the file 1 directory homeWork\directory\2021\2
----------------
A file 11.txt has been deleted from the directory homeWork\directory\2021\2
Deleting a directory homeWork\directory\2021\2
Directory 3 in homeWork\directory\2021\3
In the file 3 directory homeWork\directory\2021\3
----------------
A file 11.txt has been deleted from the directory homeWork\directory\2021\3
A file 28.txt has been deleted from the directory homeWork\directory\2021\3
A file 4.txt has been deleted from the directory homeWork\directory\2021\3
Deleting a directory homeWork\directory\2021\3
Directory 4 in homeWork\directory\2021\4
In the file 1 directory homeWork\directory\2021\4
----------------
A file 28.txt has been deleted from the directory homeWork\directory\2021\4
Deleting a directory homeWork\directory\2021\4
Directory 5 in homeWork\directory\2021\5
In the file 1 directory homeWork\directory\2021\5
----------------
A file 18.txt has been deleted from the directory homeWork\directory\2021\5
Deleting a directory homeWork\directory\2021\5
Directory 6 in homeWork\directory\2021\6
In the file 2 directory homeWork\directory\2021\6
----------------
A file 27.txt has been deleted from the directory homeWork\directory\2021\6
A file 8.txt has been deleted from the directory homeWork\directory\2021\6
Deleting a directory homeWork\directory\2021\6
Directory 7 in homeWork\directory\2021\7
In the file 1 directory homeWork\directory\2021\7
----------------
A file 12.txt has been deleted from the directory homeWork\directory\2021\7
Deleting a directory homeWork\directory\2021\7
Directory 8 in homeWork\directory\2021\8
In the file 2 directory homeWork\directory\2021\8
----------------
A file 1.txt has been deleted from the directory homeWork\directory\2021\8
A file 29.txt has been deleted from the directory homeWork\directory\2021\8
Deleting a directory homeWork\directory\2021\8
Directory 9 in homeWork\directory\2021\9
In the file 3 directory homeWork\directory\2021\9
----------------
A file 1.txt has been deleted from the directory homeWork\directory\2021\9
A file 25.txt has been deleted from the directory homeWork\directory\2021\9
A file 28.txt has been deleted from the directory homeWork\directory\2021\9
Deleting a directory homeWork\directory\2021\9
Deleting a directory homeWork\directory\2021
Directory 2022 in homeWork\directory\2022
In the file 10 directory homeWork\directory\2022
----------------
Directory 1 in homeWork\directory\2022\1
In the file 2 directory homeWork\directory\2022\1
----------------
A file 17.txt has been deleted from the directory homeWork\directory\2022\1
A file 4.txt has been deleted from the directory homeWork\directory\2022\1
Deleting a directory homeWork\directory\2022\1
Directory 10 in homeWork\directory\2022\10
In the file 1 directory homeWork\directory\2022\10
----------------
A file 11.txt has been deleted from the directory homeWork\directory\2022\10
Deleting a directory homeWork\directory\2022\10
Directory 11 in homeWork\directory\2022\11
In the file 1 directory homeWork\directory\2022\11
----------------
A file 31.txt has been deleted from the directory homeWork\directory\2022\11
Deleting a directory homeWork\directory\2022\11
Directory 12 in homeWork\directory\2022\12
In the file 2 directory homeWork\directory\2022\12
----------------
A file 2.txt has been deleted from the directory homeWork\directory\2022\12
A file 9.txt has been deleted from the directory homeWork\directory\2022\12
Deleting a directory homeWork\directory\2022\12
Directory 2 in homeWork\directory\2022\2
In the file 2 directory homeWork\directory\2022\2
----------------
A file 2.txt has been deleted from the directory homeWork\directory\2022\2
A file 28.txt has been deleted from the directory homeWork\directory\2022\2
Deleting a directory homeWork\directory\2022\2
Directory 3 in homeWork\directory\2022\3
In the file 1 directory homeWork\directory\2022\3
----------------
A file 15.txt has been deleted from the directory homeWork\directory\2022\3
Deleting a directory homeWork\directory\2022\3
Directory 4 in homeWork\directory\2022\4
In the file 1 directory homeWork\directory\2022\4
----------------
A file 14.txt has been deleted from the directory homeWork\directory\2022\4
Deleting a directory homeWork\directory\2022\4
Directory 5 in homeWork\directory\2022\5
In the file 1 directory homeWork\directory\2022\5
----------------
A file 25.txt has been deleted from the directory homeWork\directory\2022\5
Deleting a directory homeWork\directory\2022\5
Directory 8 in homeWork\directory\2022\8
In the file 1 directory homeWork\directory\2022\8
----------------
A file 8.txt has been deleted from the directory homeWork\directory\2022\8
Deleting a directory homeWork\directory\2022\8
Directory 9 in homeWork\directory\2022\9
In the file 2 directory homeWork\directory\2022\9
----------------
A file 16.txt has been deleted from the directory homeWork\directory\2022\9
A file 2.txt has been deleted from the directory homeWork\directory\2022\9
Deleting a directory homeWork\directory\2022\9
Deleting a directory homeWork\directory\2022
Finished: 08022022_135915
